This file contains any messages produced by compilers while
running configure, to aid debugging if configure makes a mistake.

It was created by configure, which was
generated by GNU Autoconf 2.62.  Invocation command line was

  $ ./configure --prefix=/home/terk/terkos/trunk/src/libconfig-1.3.2/dist --host=arm-linux CXX=arm-oe-linux-uclibcgnueabi-g++ CC=arm-oe-linux-uclibcgnueabi-gcc

## --------- ##
## Platform. ##
## --------- ##

hostname = terk-ubuntu904
uname -m = i686
uname -r = 2.6.28-11-generic
uname -s = Linux
uname -v = #42-Ubuntu SMP Fri Apr 17 01:57:59 UTC 2009

/usr/bin/uname -p = unknown
/bin/uname -X     = unknown

/bin/arch              = unknown
/usr/bin/arch -k       = unknown
/usr/convex/getsysinfo = unknown
/usr/bin/hostinfo      = unknown
/bin/machine           = unknown
/usr/bin/oslevel       = unknown
/bin/universe          = unknown

PATH: /usr/local/terkos/arm/bin
PATH: /usr/local/sbin
PATH: /usr/local/bin
PATH: /usr/sbin
PATH: /usr/bin
PATH: /sbin
PATH: /bin
PATH: /usr/games


## ----------- ##
## Core tests. ##
## ----------- ##

configure:2086: checking build system type
configure:2104: result: i686-pc-linux-gnu
configure:2126: checking host system type
configure:2141: result: arm-unknown-linux-gnu
configure:2163: checking target system type
configure:2178: result: arm-unknown-linux-gnu
configure:2222: checking for a BSD-compatible install
configure:2290: result: /usr/bin/install -c
configure:2301: checking whether build environment is sane
configure:2344: result: yes
configure:2369: checking for a thread-safe mkdir -p
configure:2408: result: /bin/mkdir -p
configure:2421: checking for gawk
configure:2451: result: no
configure:2421: checking for mawk
configure:2437: found /usr/bin/mawk
configure:2448: result: mawk
configure:2459: checking whether make sets $(MAKE)
configure:2481: result: yes
configure:2561: checking for arm-linux-strip
configure:2591: result: no
configure:2601: checking for strip
configure:2617: found /usr/bin/strip
configure:2628: result: strip
configure:2693: checking for arm-linux-gcc
configure:2720: result: arm-oe-linux-uclibcgnueabi-gcc
configure:2998: checking for C compiler version
configure:3006: arm-oe-linux-uclibcgnueabi-gcc --version >&5
arm-oe-linux-uclibcgnueabi-gcc (GCC) 4.2.4
Copyright (C) 2007 Free Software Foundation, Inc.
This is free software; see the source for copying conditions.  There is NO
warranty; not even for MERCHANTABILITY or FITNESS FOR A PARTICULAR PURPOSE.

configure:3010: $? = 0
configure:3017: arm-oe-linux-uclibcgnueabi-gcc -v >&5
Using built-in specs.
Target: arm-oe-linux-uclibcgnueabi
Configured with: /home/dhuggins/Projects/TeRK/oe/tmp/work/i686-armv4t-sdk-oe-linux-uclibcgnueabi/gcc-cross-sdk-4.2.4-r4/gcc-4.2.4/configure --build=i686-linux --host=i686-linux --target=arm-oe-linux-uclibcgnueabi --prefix=/usr/local/terkos/arm --exec_prefix=/usr/local/terkos/arm --bindir=/usr/local/terkos/arm/bin --sbindir=/usr/local/terkos/arm/bin --libexecdir=/usr/local/terkos/arm/libexec --datadir=/usr/local/terkos/arm/share --sysconfdir=/usr/local/terkos/arm/etc --sharedstatedir=/usr/local/terkos/arm/share/com --localstatedir=/usr/local/terkos/arm/var --libdir=/usr/local/terkos/arm/lib --includedir=/usr/local/terkos/arm/include --oldincludedir=/usr/local/terkos/arm/include --infodir=/usr/local/terkos/arm/share/info --mandir=/usr/local/terkos/arm/share/man --enable-clocale=generic --with-gnu-ld --enable-shared --enable-target-optspace --enable-languages=c,c++ --enable-threads=posix --enable-multilib --enable-c99 --enable-long-long --enable-symvers=gnu --enable-libstdcxx-pch --program-prefix=arm-oe-linux-uclibcgnueabi- --enable-libssp --disable-bootstrap --enable-libgomp --disable-libmudflap --with-float=soft --with-gxx-include-dir=/usr/local/terkos/arm/arm-oe-linux-uclibcgnueabi//usr/include/c++ --with-sysroot=/usr/local/terkos/arm/arm-oe-linux-uclibcgnueabi --with-build-time-tools=/home/dhuggins/Projects/TeRK/oe/tmp/cross/armv4t/arm-oe-linux-uclibcgnueabi/bin --with-build-sysroot=/home/dhuggins/Projects/TeRK/oe/tmp/staging/armv4t-oe-linux-uclibcgnueabi --disable-libunwind-exceptions --enable-libssp --enable-libgomp --disable-libmudflap --with-mpfr=/home/dhuggins/Projects/TeRK/oe/tmp/staging/i686-linux/usr --disable-__cxa_atexit --disable-nls
Thread model: posix
gcc version 4.2.4
configure:3021: $? = 0
configure:3028: arm-oe-linux-uclibcgnueabi-gcc -V >&5
arm-oe-linux-uclibcgnueabi-gcc: '-V' option must have argument
configure:3032: $? = 1
configure:3055: checking for C compiler default output file name
configure:3077: arm-oe-linux-uclibcgnueabi-gcc    conftest.c  >&5
configure:3081: $? = 0
configure:3119: result: a.out
configure:3136: checking whether the C compiler works
configure:3146: ./a.out
./configure: line 3148: ./a.out: cannot execute binary file
configure:3150: $? = 126
configure:3167: result: yes
configure:3174: checking whether we are cross compiling
configure:3176: result: yes
configure:3179: checking for suffix of executables
configure:3186: arm-oe-linux-uclibcgnueabi-gcc -o conftest    conftest.c  >&5
configure:3190: $? = 0
configure:3214: result: 
configure:3220: checking for suffix of object files
configure:3246: arm-oe-linux-uclibcgnueabi-gcc -c   conftest.c >&5
configure:3250: $? = 0
configure:3273: result: o
configure:3277: checking whether we are using the GNU C compiler
configure:3306: arm-oe-linux-uclibcgnueabi-gcc -c   conftest.c >&5
configure:3313: $? = 0
configure:3330: result: yes
configure:3339: checking whether arm-oe-linux-uclibcgnueabi-gcc accepts -g
configure:3369: arm-oe-linux-uclibcgnueabi-gcc -c -g  conftest.c >&5
configure:3376: $? = 0
configure:3477: result: yes
configure:3494: checking for arm-oe-linux-uclibcgnueabi-gcc option to accept ISO C89
configure:3568: arm-oe-linux-uclibcgnueabi-gcc  -c -g -O2  conftest.c >&5
configure:3575: $? = 0
configure:3598: result: none needed
configure:3627: checking for style of include used by make
configure:3655: result: GNU
configure:3680: checking dependency style of arm-oe-linux-uclibcgnueabi-gcc
configure:3771: result: gcc3
configure:3789: checking for arm-linux-ranlib
configure:3819: result: no
configure:3829: checking for ranlib
configure:3845: found /usr/bin/ranlib
configure:3856: result: ranlib
configure:3870: WARNING: In the future, Autoconf will not detect cross-tools
whose name does not start with the host triplet.  If you think this
configuration is useful to you, please write to autoconf@gnu.org.
configure:3956: checking for a sed that does not truncate output
configure:4012: result: /bin/sed
configure:4015: checking for grep that handles long lines and -e
configure:4075: result: /bin/grep
configure:4080: checking for egrep
configure:4144: result: /bin/grep -E
configure:4160: checking for ld used by arm-oe-linux-uclibcgnueabi-gcc
configure:4227: result: /usr/local/terkos/arm/arm-oe-linux-uclibcgnueabi/bin/ld
configure:4236: checking if the linker (/usr/local/terkos/arm/arm-oe-linux-uclibcgnueabi/bin/ld) is GNU ld
configure:4251: result: yes
configure:4256: checking for /usr/local/terkos/arm/arm-oe-linux-uclibcgnueabi/bin/ld option to reload object files
configure:4263: result: -r
configure:4281: checking for BSD-compatible nm
configure:4330: result: nm
configure:4334: checking whether ln -s works
configure:4338: result: yes
configure:4345: checking how to recognize dependent libraries
configure:4531: result: pass_all
configure:5070: checking how to run the C preprocessor
configure:5110: arm-oe-linux-uclibcgnueabi-gcc -E  conftest.c
configure:5117: $? = 0
configure:5148: arm-oe-linux-uclibcgnueabi-gcc -E  conftest.c
conftest.c:12:28: error: ac_nonexistent.h: No such file or directory
configure:5155: $? = 1
configure: failed program was:
| /* confdefs.h.  */
| #define PACKAGE_NAME ""
| #define PACKAGE_TARNAME ""
| #define PACKAGE_VERSION ""
| #define PACKAGE_STRING ""
| #define PACKAGE_BUGREPORT ""
| #define PACKAGE "libconfig"
| #define VERSION "1.3.2"
| #define TARGET "arm-unknown-linux-gnu"
| #define _GNU_SOURCE 1
| /* end confdefs.h.  */
| #include <ac_nonexistent.h>
configure:5188: result: arm-oe-linux-uclibcgnueabi-gcc -E
configure:5217: arm-oe-linux-uclibcgnueabi-gcc -E  conftest.c
configure:5224: $? = 0
configure:5255: arm-oe-linux-uclibcgnueabi-gcc -E  conftest.c
conftest.c:12:28: error: ac_nonexistent.h: No such file or directory
configure:5262: $? = 1
configure: failed program was:
| /* confdefs.h.  */
| #define PACKAGE_NAME ""
| #define PACKAGE_TARNAME ""
| #define PACKAGE_VERSION ""
| #define PACKAGE_STRING ""
| #define PACKAGE_BUGREPORT ""
| #define PACKAGE "libconfig"
| #define VERSION "1.3.2"
| #define TARGET "arm-unknown-linux-gnu"
| #define _GNU_SOURCE 1
| /* end confdefs.h.  */
| #include <ac_nonexistent.h>
configure:5300: checking for ANSI C header files
configure:5330: arm-oe-linux-uclibcgnueabi-gcc -c -g -O2  conftest.c >&5
configure:5337: $? = 0
configure:5468: result: yes
configure:5492: checking for sys/types.h
configure:5513: arm-oe-linux-uclibcgnueabi-gcc -c -g -O2  conftest.c >&5
configure:5520: $? = 0
configure:5537: result: yes
configure:5492: checking for sys/stat.h
configure:5513: arm-oe-linux-uclibcgnueabi-gcc -c -g -O2  conftest.c >&5
configure:5520: $? = 0
configure:5537: result: yes
configure:5492: checking for stdlib.h
configure:5513: arm-oe-linux-uclibcgnueabi-gcc -c -g -O2  conftest.c >&5
configure:5520: $? = 0
configure:5537: result: yes
configure:5492: checking for string.h
configure:5513: arm-oe-linux-uclibcgnueabi-gcc -c -g -O2  conftest.c >&5
configure:5520: $? = 0
configure:5537: result: yes
configure:5492: checking for memory.h
configure:5513: arm-oe-linux-uclibcgnueabi-gcc -c -g -O2  conftest.c >&5
configure:5520: $? = 0
configure:5537: result: yes
configure:5492: checking for strings.h
configure:5513: arm-oe-linux-uclibcgnueabi-gcc -c -g -O2  conftest.c >&5
configure:5520: $? = 0
configure:5537: result: yes
configure:5492: checking for inttypes.h
configure:5513: arm-oe-linux-uclibcgnueabi-gcc -c -g -O2  conftest.c >&5
configure:5520: $? = 0
configure:5537: result: yes
configure:5492: checking for stdint.h
configure:5513: arm-oe-linux-uclibcgnueabi-gcc -c -g -O2  conftest.c >&5
configure:5520: $? = 0
configure:5537: result: yes
configure:5492: checking for unistd.h
configure:5513: arm-oe-linux-uclibcgnueabi-gcc -c -g -O2  conftest.c >&5
configure:5520: $? = 0
configure:5537: result: yes
configure:5566: checking dlfcn.h usability
configure:5583: arm-oe-linux-uclibcgnueabi-gcc -c -g -O2  conftest.c >&5
configure:5590: $? = 0
configure:5604: result: yes
configure:5608: checking dlfcn.h presence
configure:5623: arm-oe-linux-uclibcgnueabi-gcc -E  conftest.c
configure:5630: $? = 0
configure:5644: result: yes
configure:5672: checking for dlfcn.h
configure:5681: result: yes
configure:5811: checking for C++ compiler version
configure:5819: arm-oe-linux-uclibcgnueabi-g++ --version >&5
arm-oe-linux-uclibcgnueabi-g++ (GCC) 4.2.4
Copyright (C) 2007 Free Software Foundation, Inc.
This is free software; see the source for copying conditions.  There is NO
warranty; not even for MERCHANTABILITY or FITNESS FOR A PARTICULAR PURPOSE.

configure:5823: $? = 0
configure:5830: arm-oe-linux-uclibcgnueabi-g++ -v >&5
Using built-in specs.
Target: arm-oe-linux-uclibcgnueabi
Configured with: /home/dhuggins/Projects/TeRK/oe/tmp/work/i686-armv4t-sdk-oe-linux-uclibcgnueabi/gcc-cross-sdk-4.2.4-r4/gcc-4.2.4/configure --build=i686-linux --host=i686-linux --target=arm-oe-linux-uclibcgnueabi --prefix=/usr/local/terkos/arm --exec_prefix=/usr/local/terkos/arm --bindir=/usr/local/terkos/arm/bin --sbindir=/usr/local/terkos/arm/bin --libexecdir=/usr/local/terkos/arm/libexec --datadir=/usr/local/terkos/arm/share --sysconfdir=/usr/local/terkos/arm/etc --sharedstatedir=/usr/local/terkos/arm/share/com --localstatedir=/usr/local/terkos/arm/var --libdir=/usr/local/terkos/arm/lib --includedir=/usr/local/terkos/arm/include --oldincludedir=/usr/local/terkos/arm/include --infodir=/usr/local/terkos/arm/share/info --mandir=/usr/local/terkos/arm/share/man --enable-clocale=generic --with-gnu-ld --enable-shared --enable-target-optspace --enable-languages=c,c++ --enable-threads=posix --enable-multilib --enable-c99 --enable-long-long --enable-symvers=gnu --enable-libstdcxx-pch --program-prefix=arm-oe-linux-uclibcgnueabi- --enable-libssp --disable-bootstrap --enable-libgomp --disable-libmudflap --with-float=soft --with-gxx-include-dir=/usr/local/terkos/arm/arm-oe-linux-uclibcgnueabi//usr/include/c++ --with-sysroot=/usr/local/terkos/arm/arm-oe-linux-uclibcgnueabi --with-build-time-tools=/home/dhuggins/Projects/TeRK/oe/tmp/cross/armv4t/arm-oe-linux-uclibcgnueabi/bin --with-build-sysroot=/home/dhuggins/Projects/TeRK/oe/tmp/staging/armv4t-oe-linux-uclibcgnueabi --disable-libunwind-exceptions --enable-libssp --enable-libgomp --disable-libmudflap --with-mpfr=/home/dhuggins/Projects/TeRK/oe/tmp/staging/i686-linux/usr --disable-__cxa_atexit --disable-nls
Thread model: posix
gcc version 4.2.4
configure:5834: $? = 0
configure:5841: arm-oe-linux-uclibcgnueabi-g++ -V >&5
arm-oe-linux-uclibcgnueabi-g++: '-V' option must have argument
configure:5845: $? = 1
configure:5848: checking whether we are using the GNU C++ compiler
configure:5877: arm-oe-linux-uclibcgnueabi-g++ -c   conftest.cpp >&5
configure:5884: $? = 0
configure:5901: result: yes
configure:5910: checking whether arm-oe-linux-uclibcgnueabi-g++ accepts -g
configure:5940: arm-oe-linux-uclibcgnueabi-g++ -c -g  conftest.cpp >&5
configure:5947: $? = 0
configure:6048: result: yes
configure:6073: checking dependency style of arm-oe-linux-uclibcgnueabi-g++
configure:6164: result: gcc3
configure:6189: checking how to run the C++ preprocessor
configure:6225: arm-oe-linux-uclibcgnueabi-g++ -E  conftest.cpp
configure:6232: $? = 0
configure:6263: arm-oe-linux-uclibcgnueabi-g++ -E  conftest.cpp
conftest.cpp:23:28: error: ac_nonexistent.h: No such file or directory
configure:6270: $? = 1
configure: failed program was:
| /* confdefs.h.  */
| #define PACKAGE_NAME ""
| #define PACKAGE_TARNAME ""
| #define PACKAGE_VERSION ""
| #define PACKAGE_STRING ""
| #define PACKAGE_BUGREPORT ""
| #define PACKAGE "libconfig"
| #define VERSION "1.3.2"
| #define TARGET "arm-unknown-linux-gnu"
| #define _GNU_SOURCE 1
| #define STDC_HEADERS 1
| #define HAVE_SYS_TYPES_H 1
| #define HAVE_SYS_STAT_H 1
| #define HAVE_STDLIB_H 1
| #define HAVE_STRING_H 1
| #define HAVE_MEMORY_H 1
| #define HAVE_STRINGS_H 1
| #define HAVE_INTTYPES_H 1
| #define HAVE_STDINT_H 1
| #define HAVE_UNISTD_H 1
| #define HAVE_DLFCN_H 1
| /* end confdefs.h.  */
| #include <ac_nonexistent.h>
configure:6303: result: arm-oe-linux-uclibcgnueabi-g++ -E
configure:6332: arm-oe-linux-uclibcgnueabi-g++ -E  conftest.cpp
configure:6339: $? = 0
configure:6370: arm-oe-linux-uclibcgnueabi-g++ -E  conftest.cpp
conftest.cpp:23:28: error: ac_nonexistent.h: No such file or directory
configure:6377: $? = 1
configure: failed program was:
| /* confdefs.h.  */
| #define PACKAGE_NAME ""
| #define PACKAGE_TARNAME ""
| #define PACKAGE_VERSION ""
| #define PACKAGE_STRING ""
| #define PACKAGE_BUGREPORT ""
| #define PACKAGE "libconfig"
| #define VERSION "1.3.2"
| #define TARGET "arm-unknown-linux-gnu"
| #define _GNU_SOURCE 1
| #define STDC_HEADERS 1
| #define HAVE_SYS_TYPES_H 1
| #define HAVE_SYS_STAT_H 1
| #define HAVE_STDLIB_H 1
| #define HAVE_STRING_H 1
| #define HAVE_MEMORY_H 1
| #define HAVE_STRINGS_H 1
| #define HAVE_INTTYPES_H 1
| #define HAVE_STDINT_H 1
| #define HAVE_UNISTD_H 1
| #define HAVE_DLFCN_H 1
| /* end confdefs.h.  */
| #include <ac_nonexistent.h>
configure:6426: checking for arm-linux-g77
configure:6456: result: no
configure:6426: checking for arm-linux-xlf
configure:6456: result: no
configure:6426: checking for arm-linux-f77
configure:6456: result: no
configure:6426: checking for arm-linux-frt
configure:6456: result: no
configure:6426: checking for arm-linux-pgf77
configure:6456: result: no
configure:6426: checking for arm-linux-cf77
configure:6456: result: no
configure:6426: checking for arm-linux-fort77
configure:6456: result: no
configure:6426: checking for arm-linux-fl32
configure:6456: result: no
configure:6426: checking for arm-linux-af77
configure:6456: result: no
configure:6426: checking for arm-linux-xlf90
configure:6456: result: no
configure:6426: checking for arm-linux-f90
configure:6456: result: no
configure:6426: checking for arm-linux-pgf90
configure:6456: result: no
configure:6426: checking for arm-linux-pghpf
configure:6456: result: no
configure:6426: checking for arm-linux-epcf90
configure:6456: result: no
configure:6426: checking for arm-linux-gfortran
configure:6456: result: no
configure:6426: checking for arm-linux-g95
configure:6456: result: no
configure:6426: checking for arm-linux-xlf95
configure:6456: result: no
configure:6426: checking for arm-linux-f95
configure:6456: result: no
configure:6426: checking for arm-linux-fort
configure:6456: result: no
configure:6426: checking for arm-linux-ifort
configure:6456: result: no
configure:6426: checking for arm-linux-ifc
configure:6456: result: no
configure:6426: checking for arm-linux-efc
configure:6456: result: no
configure:6426: checking for arm-linux-pgf95
configure:6456: result: no
configure:6426: checking for arm-linux-lf95
configure:6456: result: no
configure:6426: checking for arm-linux-ftn
configure:6456: result: no
configure:6470: checking for g77
configure:6500: result: no
configure:6470: checking for xlf
configure:6500: result: no
configure:6470: checking for f77
configure:6500: result: no
configure:6470: checking for frt
configure:6500: result: no
configure:6470: checking for pgf77
configure:6500: result: no
configure:6470: checking for cf77
configure:6500: result: no
configure:6470: checking for fort77
configure:6500: result: no
configure:6470: checking for fl32
configure:6500: result: no
configure:6470: checking for af77
configure:6500: result: no
configure:6470: checking for xlf90
configure:6500: result: no
configure:6470: checking for f90
configure:6500: result: no
configure:6470: checking for pgf90
configure:6500: result: no
configure:6470: checking for pghpf
configure:6500: result: no
configure:6470: checking for epcf90
configure:6500: result: no
configure:6470: checking for gfortran
configure:6500: result: no
configure:6470: checking for g95
configure:6500: result: no
configure:6470: checking for xlf95
configure:6500: result: no
configure:6470: checking for f95
configure:6500: result: no
configure:6470: checking for fort
configure:6500: result: no
configure:6470: checking for ifort
configure:6500: result: no
configure:6470: checking for ifc
configure:6500: result: no
configure:6470: checking for efc
configure:6500: result: no
configure:6470: checking for pgf95
configure:6500: result: no
configure:6470: checking for lf95
configure:6500: result: no
configure:6470: checking for ftn
configure:6500: result: no
configure:6527: checking for Fortran 77 compiler version
configure:6535:  --version >&5
./configure: line 6537: --version: command not found
configure:6539: $? = 127
configure:6546:  -v >&5
./configure: line 6548: -v: command not found
configure:6550: $? = 127
configure:6557:  -V >&5
./configure: line 6559: -V: command not found
configure:6561: $? = 127
configure:6569: checking whether we are using the GNU Fortran 77 compiler
configure:6588:  -c  conftest.F >&5
./configure: line 6590: -c: command not found
configure:6595: $? = 127
configure: failed program was:
|       program main
| #ifndef __GNUC__
|        choke me
| #endif
| 
|       end
configure:6612: result: no
configure:6618: checking whether  accepts -g
configure:6635:  -c -g conftest.f >&5
./configure: line 6637: -c: command not found
configure:6642: $? = 127
configure: failed program was:
|       program main
| 
|       end
configure:6658: result: no
configure:6691: checking the maximum length of command line arguments
configure:6803: result: 1572864
configure:6815: checking command to parse nm output from arm-oe-linux-uclibcgnueabi-gcc object
configure:6920: arm-oe-linux-uclibcgnueabi-gcc -c -g -O2  conftest.c >&5
configure:6923: $? = 0
configure:6927: nm conftest.o \| sed -n -e 's/^.*[ 	]\([ABCDGIRSTW][ABCDGIRSTW]*\)[ 	][ 	]*\([_A-Za-z][_A-Za-z0-9]*\)$/\1 \2 \2/p' \> conftest.nm
configure:6930: $? = 0
configure:6982: arm-oe-linux-uclibcgnueabi-gcc -o conftest -g -O2   conftest.c conftstm.o >&5
configure:6985: $? = 0
configure:7023: result: ok
configure:7027: checking for objdir
configure:7042: result: .libs
configure:7094: checking for arm-linux-ar
configure:7124: result: no
configure:7134: checking for ar
configure:7150: found /usr/bin/ar
configure:7161: result: ar
configure:7190: checking for arm-linux-ranlib
configure:7217: result: ranlib
configure:7286: checking for arm-linux-strip
configure:7313: result: strip
configure:7955: checking if arm-oe-linux-uclibcgnueabi-gcc supports -fno-rtti -fno-exceptions
configure:7973: arm-oe-linux-uclibcgnueabi-gcc -c -g -O2  -fno-rtti -fno-exceptions conftest.c >&5
cc1: warning: command line option "-fno-rtti" is valid for C++/ObjC++ but not for C
configure:7977: $? = 0
configure:7990: result: no
configure:8005: checking for arm-oe-linux-uclibcgnueabi-gcc option to produce PIC
configure:8237: result: -fPIC
configure:8245: checking if arm-oe-linux-uclibcgnueabi-gcc PIC flag -fPIC works
configure:8263: arm-oe-linux-uclibcgnueabi-gcc -c -g -O2  -fPIC -DPIC conftest.c >&5
configure:8267: $? = 0
configure:8280: result: yes
configure:8308: checking if arm-oe-linux-uclibcgnueabi-gcc static flag -static works
configure:8336: result: yes
configure:8346: checking if arm-oe-linux-uclibcgnueabi-gcc supports -c -o file.o
configure:8367: arm-oe-linux-uclibcgnueabi-gcc -c -g -O2  -o out/conftest2.o conftest.c >&5
configure:8371: $? = 0
configure:8393: result: yes
configure:8419: checking whether the arm-oe-linux-uclibcgnueabi-gcc linker (/usr/local/terkos/arm/arm-oe-linux-uclibcgnueabi/bin/ld) supports shared libraries
configure:9407: result: yes
configure:9428: checking whether -lc should be explicitly linked in
configure:9433: arm-oe-linux-uclibcgnueabi-gcc -c -g -O2  conftest.c >&5
configure:9436: $? = 0
configure:9451: arm-oe-linux-uclibcgnueabi-gcc -shared conftest.o  -v -Wl,-soname -Wl,conftest -o conftest 2\>\&1 \| grep  -lc  \>/dev/null 2\>\&1
configure:9454: $? = 0
configure:9466: result: no
configure:9474: checking dynamic linker characteristics
configure:10076: result: GNU/Linux ld.so
configure:10100: checking how to hardcode library paths into programs
configure:10125: result: immediate
configure:10139: checking whether stripping libraries is possible
configure:10144: result: yes
configure:10974: checking if libtool supports shared libraries
configure:10976: result: yes
configure:10979: checking whether to build shared libraries
configure:11000: result: yes
configure:11003: checking whether to build static libraries
configure:11007: result: yes
configure:11101: creating libtool
configure:11694: checking for ld used by arm-oe-linux-uclibcgnueabi-g++
configure:11761: result: /usr/local/terkos/arm/arm-oe-linux-uclibcgnueabi/bin/ld
configure:11770: checking if the linker (/usr/local/terkos/arm/arm-oe-linux-uclibcgnueabi/bin/ld) is GNU ld
configure:11785: result: yes
configure:11836: checking whether the arm-oe-linux-uclibcgnueabi-g++ linker (/usr/local/terkos/arm/arm-oe-linux-uclibcgnueabi/bin/ld) supports shared libraries
configure:12790: result: yes
configure:12807: arm-oe-linux-uclibcgnueabi-g++ -c -g -O2  conftest.cpp >&5
configure:12810: $? = 0
configure:12966: checking for arm-oe-linux-uclibcgnueabi-g++ option to produce PIC
configure:13250: result: -fPIC
configure:13258: checking if arm-oe-linux-uclibcgnueabi-g++ PIC flag -fPIC works
configure:13276: arm-oe-linux-uclibcgnueabi-g++ -c -g -O2  -fPIC -DPIC conftest.cpp >&5
configure:13280: $? = 0
configure:13293: result: yes
configure:13321: checking if arm-oe-linux-uclibcgnueabi-g++ static flag -static works
configure:13349: result: yes
configure:13359: checking if arm-oe-linux-uclibcgnueabi-g++ supports -c -o file.o
configure:13380: arm-oe-linux-uclibcgnueabi-g++ -c -g -O2  -o out/conftest2.o conftest.cpp >&5
configure:13384: $? = 0
configure:13406: result: yes
configure:13432: checking whether the arm-oe-linux-uclibcgnueabi-g++ linker (/usr/local/terkos/arm/arm-oe-linux-uclibcgnueabi/bin/ld) supports shared libraries
configure:13458: result: yes
configure:13525: checking dynamic linker characteristics
configure:14075: result: GNU/Linux ld.so
configure:14099: checking how to hardcode library paths into programs
configure:14124: result: immediate
configure:20366: checking for flex
configure:20396: result: no
configure:20366: checking for lex
configure:20396: result: no
configure:20592: checking for bison
configure:20622: result: no
configure:20592: checking for byacc
configure:20622: result: no
configure:20641: checking for compiler switch to enable full C/C++ warnings
configure:20662: result: (cannot determine)
configure:20667: checking for ANSI C header files
configure:20835: result: yes
configure:20852: checking for unistd.h
configure:20859: result: yes
configure:20852: checking for stdint.h
configure:20859: result: yes
configure:20863: checking xlocale.h usability
configure:20880: arm-oe-linux-uclibcgnueabi-gcc -c -g -O2  conftest.c >&5
conftest.c:59:21: error: xlocale.h: No such file or directory
configure:20887: $? = 1
configure: failed program was:
| /* confdefs.h.  */
| #define PACKAGE_NAME ""
| #define PACKAGE_TARNAME ""
| #define PACKAGE_VERSION ""
| #define PACKAGE_STRING ""
| #define PACKAGE_BUGREPORT ""
| #define PACKAGE "libconfig"
| #define VERSION "1.3.2"
| #define TARGET "arm-unknown-linux-gnu"
| #define _GNU_SOURCE 1
| #define STDC_HEADERS 1
| #define HAVE_SYS_TYPES_H 1
| #define HAVE_SYS_STAT_H 1
| #define HAVE_STDLIB_H 1
| #define HAVE_STRING_H 1
| #define HAVE_MEMORY_H 1
| #define HAVE_STRINGS_H 1
| #define HAVE_INTTYPES_H 1
| #define HAVE_STDINT_H 1
| #define HAVE_UNISTD_H 1
| #define HAVE_DLFCN_H 1
| #define STDC_HEADERS 1
| #define HAVE_UNISTD_H 1
| #define HAVE_STDINT_H 1
| /* end confdefs.h.  */
| #include <stdio.h>
| #ifdef HAVE_SYS_TYPES_H
| # include <sys/types.h>
| #endif
| #ifdef HAVE_SYS_STAT_H
| # include <sys/stat.h>
| #endif
| #ifdef STDC_HEADERS
| # include <stdlib.h>
| # include <stddef.h>
| #else
| # ifdef HAVE_STDLIB_H
| #  include <stdlib.h>
| # endif
| #endif
| #ifdef HAVE_STRING_H
| # if !defined STDC_HEADERS && defined HAVE_MEMORY_H
| #  include <memory.h>
| # endif
| # include <string.h>
| #endif
| #ifdef HAVE_STRINGS_H
| # include <strings.h>
| #endif
| #ifdef HAVE_INTTYPES_H
| # include <inttypes.h>
| #endif
| #ifdef HAVE_STDINT_H
| # include <stdint.h>
| #endif
| #ifdef HAVE_UNISTD_H
| # include <unistd.h>
| #endif
| #include <xlocale.h>
configure:20901: result: no
configure:20905: checking xlocale.h presence
configure:20920: arm-oe-linux-uclibcgnueabi-gcc -E  conftest.c
conftest.c:26:21: error: xlocale.h: No such file or directory
configure:20927: $? = 1
configure: failed program was:
| /* confdefs.h.  */
| #define PACKAGE_NAME ""
| #define PACKAGE_TARNAME ""
| #define PACKAGE_VERSION ""
| #define PACKAGE_STRING ""
| #define PACKAGE_BUGREPORT ""
| #define PACKAGE "libconfig"
| #define VERSION "1.3.2"
| #define TARGET "arm-unknown-linux-gnu"
| #define _GNU_SOURCE 1
| #define STDC_HEADERS 1
| #define HAVE_SYS_TYPES_H 1
| #define HAVE_SYS_STAT_H 1
| #define HAVE_STDLIB_H 1
| #define HAVE_STRING_H 1
| #define HAVE_MEMORY_H 1
| #define HAVE_STRINGS_H 1
| #define HAVE_INTTYPES_H 1
| #define HAVE_STDINT_H 1
| #define HAVE_UNISTD_H 1
| #define HAVE_DLFCN_H 1
| #define STDC_HEADERS 1
| #define HAVE_UNISTD_H 1
| #define HAVE_STDINT_H 1
| /* end confdefs.h.  */
| #include <xlocale.h>
configure:20941: result: no
configure:20969: checking for xlocale.h
configure:20978: result: no
configure:20993: checking for an ANSI C-conforming const
configure:21068: arm-oe-linux-uclibcgnueabi-gcc -c -g -O2  conftest.c >&5
configure:21075: $? = 0
configure:21090: result: yes
configure:21108: checking for newlocale
configure:21164: arm-oe-linux-uclibcgnueabi-gcc -o conftest -g -O2   conftest.c  >&5
/tmp/ccav5VPU.o: In function `main':
/home/terk/terkos/trunk/src/libconfig-1.3.2/conftest.c:60: undefined reference to `newlocale'
collect2: ld returned 1 exit status
configure:21171: $? = 1
configure: failed program was:
| /* confdefs.h.  */
| #define PACKAGE_NAME ""
| #define PACKAGE_TARNAME ""
| #define PACKAGE_VERSION ""
| #define PACKAGE_STRING ""
| #define PACKAGE_BUGREPORT ""
| #define PACKAGE "libconfig"
| #define VERSION "1.3.2"
| #define TARGET "arm-unknown-linux-gnu"
| #define _GNU_SOURCE 1
| #define STDC_HEADERS 1
| #define HAVE_SYS_TYPES_H 1
| #define HAVE_SYS_STAT_H 1
| #define HAVE_STDLIB_H 1
| #define HAVE_STRING_H 1
| #define HAVE_MEMORY_H 1
| #define HAVE_STRINGS_H 1
| #define HAVE_INTTYPES_H 1
| #define HAVE_STDINT_H 1
| #define HAVE_UNISTD_H 1
| #define HAVE_DLFCN_H 1
| #define STDC_HEADERS 1
| #define HAVE_UNISTD_H 1
| #define HAVE_STDINT_H 1
| /* end confdefs.h.  */
| /* Define newlocale to an innocuous variant, in case <limits.h> declares newlocale.
|    For example, HP-UX 11i <limits.h> declares gettimeofday.  */
| #define newlocale innocuous_newlocale
| 
| /* System header to define __stub macros and hopefully few prototypes,
|     which can conflict with char newlocale (); below.
|     Prefer <limits.h> to <assert.h> if __STDC__ is defined, since
|     <limits.h> exists even on freestanding compilers.  */
| 
| #ifdef __STDC__
| # include <limits.h>
| #else
| # include <assert.h>
| #endif
| 
| #undef newlocale
| 
| /* Override any GCC internal prototype to avoid an error.
|    Use char because int might match the return type of a GCC
|    builtin and then its argument prototype would still apply.  */
| #ifdef __cplusplus
| extern "C"
| #endif
| char newlocale ();
| /* The GNU C library defines this for functions which it implements
|     to always fail with ENOSYS.  Some functions are actually named
|     something starting with __ and the normal name is an alias.  */
| #if defined __stub_newlocale || defined __stub___newlocale
| choke me
| #endif
| 
| int
| main ()
| {
| return newlocale ();
|   ;
|   return 0;
| }
configure:21193: result: no
configure:21108: checking for uselocale
configure:21164: arm-oe-linux-uclibcgnueabi-gcc -o conftest -g -O2   conftest.c  >&5
/tmp/ccmbY0rQ.o: In function `main':
/home/terk/terkos/trunk/src/libconfig-1.3.2/conftest.c:60: undefined reference to `uselocale'
collect2: ld returned 1 exit status
configure:21171: $? = 1
configure: failed program was:
| /* confdefs.h.  */
| #define PACKAGE_NAME ""
| #define PACKAGE_TARNAME ""
| #define PACKAGE_VERSION ""
| #define PACKAGE_STRING ""
| #define PACKAGE_BUGREPORT ""
| #define PACKAGE "libconfig"
| #define VERSION "1.3.2"
| #define TARGET "arm-unknown-linux-gnu"
| #define _GNU_SOURCE 1
| #define STDC_HEADERS 1
| #define HAVE_SYS_TYPES_H 1
| #define HAVE_SYS_STAT_H 1
| #define HAVE_STDLIB_H 1
| #define HAVE_STRING_H 1
| #define HAVE_MEMORY_H 1
| #define HAVE_STRINGS_H 1
| #define HAVE_INTTYPES_H 1
| #define HAVE_STDINT_H 1
| #define HAVE_UNISTD_H 1
| #define HAVE_DLFCN_H 1
| #define STDC_HEADERS 1
| #define HAVE_UNISTD_H 1
| #define HAVE_STDINT_H 1
| /* end confdefs.h.  */
| /* Define uselocale to an innocuous variant, in case <limits.h> declares uselocale.
|    For example, HP-UX 11i <limits.h> declares gettimeofday.  */
| #define uselocale innocuous_uselocale
| 
| /* System header to define __stub macros and hopefully few prototypes,
|     which can conflict with char uselocale (); below.
|     Prefer <limits.h> to <assert.h> if __STDC__ is defined, since
|     <limits.h> exists even on freestanding compilers.  */
| 
| #ifdef __STDC__
| # include <limits.h>
| #else
| # include <assert.h>
| #endif
| 
| #undef uselocale
| 
| /* Override any GCC internal prototype to avoid an error.
|    Use char because int might match the return type of a GCC
|    builtin and then its argument prototype would still apply.  */
| #ifdef __cplusplus
| extern "C"
| #endif
| char uselocale ();
| /* The GNU C library defines this for functions which it implements
|     to always fail with ENOSYS.  Some functions are actually named
|     something starting with __ and the normal name is an alias.  */
| #if defined __stub_uselocale || defined __stub___uselocale
| choke me
| #endif
| 
| int
| main ()
| {
| return uselocale ();
|   ;
|   return 0;
| }
configure:21193: result: no
configure:21108: checking for freelocale
configure:21164: arm-oe-linux-uclibcgnueabi-gcc -o conftest -g -O2   conftest.c  >&5
/tmp/ccE5NhMg.o: In function `main':
/home/terk/terkos/trunk/src/libconfig-1.3.2/conftest.c:60: undefined reference to `freelocale'
collect2: ld returned 1 exit status
configure:21171: $? = 1
configure: failed program was:
| /* confdefs.h.  */
| #define PACKAGE_NAME ""
| #define PACKAGE_TARNAME ""
| #define PACKAGE_VERSION ""
| #define PACKAGE_STRING ""
| #define PACKAGE_BUGREPORT ""
| #define PACKAGE "libconfig"
| #define VERSION "1.3.2"
| #define TARGET "arm-unknown-linux-gnu"
| #define _GNU_SOURCE 1
| #define STDC_HEADERS 1
| #define HAVE_SYS_TYPES_H 1
| #define HAVE_SYS_STAT_H 1
| #define HAVE_STDLIB_H 1
| #define HAVE_STRING_H 1
| #define HAVE_MEMORY_H 1
| #define HAVE_STRINGS_H 1
| #define HAVE_INTTYPES_H 1
| #define HAVE_STDINT_H 1
| #define HAVE_UNISTD_H 1
| #define HAVE_DLFCN_H 1
| #define STDC_HEADERS 1
| #define HAVE_UNISTD_H 1
| #define HAVE_STDINT_H 1
| /* end confdefs.h.  */
| /* Define freelocale to an innocuous variant, in case <limits.h> declares freelocale.
|    For example, HP-UX 11i <limits.h> declares gettimeofday.  */
| #define freelocale innocuous_freelocale
| 
| /* System header to define __stub macros and hopefully few prototypes,
|     which can conflict with char freelocale (); below.
|     Prefer <limits.h> to <assert.h> if __STDC__ is defined, since
|     <limits.h> exists even on freestanding compilers.  */
| 
| #ifdef __STDC__
| # include <limits.h>
| #else
| # include <assert.h>
| #endif
| 
| #undef freelocale
| 
| /* Override any GCC internal prototype to avoid an error.
|    Use char because int might match the return type of a GCC
|    builtin and then its argument prototype would still apply.  */
| #ifdef __cplusplus
| extern "C"
| #endif
| char freelocale ();
| /* The GNU C library defines this for functions which it implements
|     to always fail with ENOSYS.  Some functions are actually named
|     something starting with __ and the normal name is an alias.  */
| #if defined __stub_freelocale || defined __stub___freelocale
| choke me
| #endif
| 
| int
| main ()
| {
| return freelocale ();
|   ;
|   return 0;
| }
configure:21193: result: no
configure:21329: checking for C++ compiler version
configure:21337: arm-oe-linux-uclibcgnueabi-g++ --version >&5
arm-oe-linux-uclibcgnueabi-g++ (GCC) 4.2.4
Copyright (C) 2007 Free Software Foundation, Inc.
This is free software; see the source for copying conditions.  There is NO
warranty; not even for MERCHANTABILITY or FITNESS FOR A PARTICULAR PURPOSE.

configure:21341: $? = 0
configure:21348: arm-oe-linux-uclibcgnueabi-g++ -v >&5
Using built-in specs.
Target: arm-oe-linux-uclibcgnueabi
Configured with: /home/dhuggins/Projects/TeRK/oe/tmp/work/i686-armv4t-sdk-oe-linux-uclibcgnueabi/gcc-cross-sdk-4.2.4-r4/gcc-4.2.4/configure --build=i686-linux --host=i686-linux --target=arm-oe-linux-uclibcgnueabi --prefix=/usr/local/terkos/arm --exec_prefix=/usr/local/terkos/arm --bindir=/usr/local/terkos/arm/bin --sbindir=/usr/local/terkos/arm/bin --libexecdir=/usr/local/terkos/arm/libexec --datadir=/usr/local/terkos/arm/share --sysconfdir=/usr/local/terkos/arm/etc --sharedstatedir=/usr/local/terkos/arm/share/com --localstatedir=/usr/local/terkos/arm/var --libdir=/usr/local/terkos/arm/lib --includedir=/usr/local/terkos/arm/include --oldincludedir=/usr/local/terkos/arm/include --infodir=/usr/local/terkos/arm/share/info --mandir=/usr/local/terkos/arm/share/man --enable-clocale=generic --with-gnu-ld --enable-shared --enable-target-optspace --enable-languages=c,c++ --enable-threads=posix --enable-multilib --enable-c99 --enable-long-long --enable-symvers=gnu --enable-libstdcxx-pch --program-prefix=arm-oe-linux-uclibcgnueabi- --enable-libssp --disable-bootstrap --enable-libgomp --disable-libmudflap --with-float=soft --with-gxx-include-dir=/usr/local/terkos/arm/arm-oe-linux-uclibcgnueabi//usr/include/c++ --with-sysroot=/usr/local/terkos/arm/arm-oe-linux-uclibcgnueabi --with-build-time-tools=/home/dhuggins/Projects/TeRK/oe/tmp/cross/armv4t/arm-oe-linux-uclibcgnueabi/bin --with-build-sysroot=/home/dhuggins/Projects/TeRK/oe/tmp/staging/armv4t-oe-linux-uclibcgnueabi --disable-libunwind-exceptions --enable-libssp --enable-libgomp --disable-libmudflap --with-mpfr=/home/dhuggins/Projects/TeRK/oe/tmp/staging/i686-linux/usr --disable-__cxa_atexit --disable-nls
Thread model: posix
gcc version 4.2.4
configure:21352: $? = 0
configure:21359: arm-oe-linux-uclibcgnueabi-g++ -V >&5
arm-oe-linux-uclibcgnueabi-g++: '-V' option must have argument
configure:21363: $? = 1
configure:21366: checking whether we are using the GNU C++ compiler
configure:21419: result: yes
configure:21428: checking whether arm-oe-linux-uclibcgnueabi-g++ accepts -g
configure:21566: result: yes
configure:21591: checking dependency style of arm-oe-linux-uclibcgnueabi-g++
configure:21682: result: gcc3
configure:21874: creating ./config.status

## ---------------------- ##
## Running config.status. ##
## ---------------------- ##

This file was extended by config.status, which was
generated by GNU Autoconf 2.62.  Invocation command line was

  CONFIG_FILES    = 
  CONFIG_HEADERS  = 
  CONFIG_LINKS    = 
  CONFIG_COMMANDS = 
  $ ./config.status 

on terk-ubuntu904

config.status:823: creating Makefile
config.status:823: creating doc/Makefile
config.status:823: creating samples/Makefile
config.status:823: creating samples/c/Makefile
config.status:823: creating samples/c++/Makefile
config.status:823: creating libconfig.pc
config.status:823: creating libconfig++.pc
config.status:823: creating libconfig.spec
config.status:823: creating ac_config.h
config.status:1097: executing depfiles commands

## ---------------- ##
## Cache variables. ##
## ---------------- ##

ac_cv_build=i686-pc-linux-gnu
ac_cv_c_compiler_gnu=yes
ac_cv_c_const=yes
ac_cv_cxx_compiler_gnu=yes
ac_cv_env_CCC_set=
ac_cv_env_CCC_value=
ac_cv_env_CC_set=set
ac_cv_env_CC_value=arm-oe-linux-uclibcgnueabi-gcc
ac_cv_env_CFLAGS_set=
ac_cv_env_CFLAGS_value=
ac_cv_env_CPPFLAGS_set=
ac_cv_env_CPPFLAGS_value=
ac_cv_env_CPP_set=
ac_cv_env_CPP_value=
ac_cv_env_CXXCPP_set=
ac_cv_env_CXXCPP_value=
ac_cv_env_CXXFLAGS_set=
ac_cv_env_CXXFLAGS_value=
ac_cv_env_CXX_set=set
ac_cv_env_CXX_value=arm-oe-linux-uclibcgnueabi-g++
ac_cv_env_F77_set=
ac_cv_env_F77_value=
ac_cv_env_FFLAGS_set=
ac_cv_env_FFLAGS_value=
ac_cv_env_LDFLAGS_set=
ac_cv_env_LDFLAGS_value=
ac_cv_env_LIBS_set=
ac_cv_env_LIBS_value=
ac_cv_env_YACC_set=
ac_cv_env_YACC_value=
ac_cv_env_YFLAGS_set=
ac_cv_env_YFLAGS_value=
ac_cv_env_build_alias_set=
ac_cv_env_build_alias_value=
ac_cv_env_host_alias_set=set
ac_cv_env_host_alias_value=arm-linux
ac_cv_env_target_alias_set=
ac_cv_env_target_alias_value=
ac_cv_f77_compiler_gnu=no
ac_cv_func_freelocale=no
ac_cv_func_newlocale=no
ac_cv_func_uselocale=no
ac_cv_header_dlfcn_h=yes
ac_cv_header_inttypes_h=yes
ac_cv_header_memory_h=yes
ac_cv_header_stdc=yes
ac_cv_header_stdint_h=yes
ac_cv_header_stdlib_h=yes
ac_cv_header_string_h=yes
ac_cv_header_strings_h=yes
ac_cv_header_sys_stat_h=yes
ac_cv_header_sys_types_h=yes
ac_cv_header_unistd_h=yes
ac_cv_header_xlocale_h=no
ac_cv_host=arm-unknown-linux-gnu
ac_cv_objext=o
ac_cv_path_EGREP='/bin/grep -E'
ac_cv_path_GREP=/bin/grep
ac_cv_path_install='/usr/bin/install -c'
ac_cv_path_mkdir=/bin/mkdir
ac_cv_prog_AWK=mawk
ac_cv_prog_CC=arm-oe-linux-uclibcgnueabi-gcc
ac_cv_prog_CPP='arm-oe-linux-uclibcgnueabi-gcc -E'
ac_cv_prog_CXXCPP='arm-oe-linux-uclibcgnueabi-g++ -E'
ac_cv_prog_RANLIB=ranlib
ac_cv_prog_STRIP=strip
ac_cv_prog_ac_ct_AR=ar
ac_cv_prog_ac_ct_RANLIB=ranlib
ac_cv_prog_ac_ct_STRIP=strip
ac_cv_prog_cc_c89=
ac_cv_prog_cc_g=yes
ac_cv_prog_cxx_g=yes
ac_cv_prog_f77_g=no
ac_cv_prog_make_make_set=yes
ac_cv_target=arm-unknown-linux-gnu
am_cv_CC_dependencies_compiler_type=gcc3
am_cv_CXX_dependencies_compiler_type=gcc3
lt_cv_deplibs_check_method=pass_all
lt_cv_file_magic_cmd='$MAGIC_CMD'
lt_cv_file_magic_test_file=
lt_cv_ld_reload_flag=-r
lt_cv_objdir=.libs
lt_cv_path_LD=/usr/local/terkos/arm/arm-oe-linux-uclibcgnueabi/bin/ld
lt_cv_path_LDCXX=/usr/local/terkos/arm/arm-oe-linux-uclibcgnueabi/bin/ld
lt_cv_path_NM=nm
lt_cv_path_SED=/bin/sed
lt_cv_prog_compiler_c_o=yes
lt_cv_prog_compiler_c_o_CXX=yes
lt_cv_prog_compiler_pic_works=yes
lt_cv_prog_compiler_pic_works_CXX=yes
lt_cv_prog_compiler_rtti_exceptions=no
lt_cv_prog_compiler_static_works=yes
lt_cv_prog_compiler_static_works_CXX=yes
lt_cv_prog_gnu_ld=yes
lt_cv_prog_gnu_ldcxx=yes
lt_cv_sys_global_symbol_pipe='sed -n -e '\''s/^.*[ 	]\([ABCDGIRSTW][ABCDGIRSTW]*\)[ 	][ 	]*\([_A-Za-z][_A-Za-z0-9]*\)$/\1 \2 \2/p'\'''
lt_cv_sys_global_symbol_to_c_name_address='sed -n -e '\''s/^: \([^ ]*\) $/  {\"\1\", (lt_ptr) 0},/p'\'' -e '\''s/^[BCDEGRST] \([^ ]*\) \([^ ]*\)$/  {"\2", (lt_ptr) \&\2},/p'\'''
lt_cv_sys_global_symbol_to_cdecl='sed -n -e '\''s/^. .* \(.*\)$/extern int \1;/p'\'''
lt_cv_sys_lib_dlsearch_path_spec='/lib /usr/lib /lib/i486-linux-gnu /usr/lib/i486-linux-gnu /usr/lib/alsa-lib /usr/local/lib '
lt_cv_sys_lib_search_path_spec='/usr/local/terkos/arm/lib/gcc/arm-oe-linux-uclibcgnueabi/4.2.4 /usr/local/terkos/arm/arm-oe-linux-uclibcgnueabi/lib /usr/local/terkos/arm/arm-oe-linux-uclibcgnueabi/usr/lib'
lt_cv_sys_max_cmd_len=1572864
lt_lt_cv_prog_compiler_c_o='"yes"'
lt_lt_cv_prog_compiler_c_o_CXX='"yes"'
lt_lt_cv_sys_global_symbol_pipe='"sed -n -e '\''s/^.*[ 	]\\([ABCDGIRSTW][ABCDGIRSTW]*\\)[ 	][ 	]*\\([_A-Za-z][_A-Za-z0-9]*\\)\$/\\1 \\2 \\2/p'\''"'
lt_lt_cv_sys_global_symbol_to_c_name_address='"sed -n -e '\''s/^: \\([^ ]*\\) \$/  {\\\"\\1\\\", (lt_ptr) 0},/p'\'' -e '\''s/^[BCDEGRST] \\([^ ]*\\) \\([^ ]*\\)\$/  {\"\\2\", (lt_ptr) \\&\\2},/p'\''"'
lt_lt_cv_sys_global_symbol_to_cdecl='"sed -n -e '\''s/^. .* \\(.*\\)\$/extern int \\1;/p'\''"'

## ----------------- ##
## Output variables. ##
## ----------------- ##

ACLOCAL='${SHELL} /home/terk/terkos/trunk/src/libconfig-1.3.2/missing --run aclocal-1.10'
AMDEPBACKSLASH='\'
AMDEP_FALSE='#'
AMDEP_TRUE=''
AMTAR='${SHELL} /home/terk/terkos/trunk/src/libconfig-1.3.2/missing --run tar'
AR='ar'
AS='as'
AUTOCONF='${SHELL} /home/terk/terkos/trunk/src/libconfig-1.3.2/missing --run autoconf'
AUTOHEADER='${SHELL} /home/terk/terkos/trunk/src/libconfig-1.3.2/missing --run autoheader'
AUTOMAKE='${SHELL} /home/terk/terkos/trunk/src/libconfig-1.3.2/missing --run automake-1.10'
AWK='mawk'
BUILDCXX_FALSE='#'
BUILDCXX_TRUE=''
CC='arm-oe-linux-uclibcgnueabi-gcc'
CCDEPMODE='depmode=gcc3'
CFLAGS='-g -O2'
CPP='arm-oe-linux-uclibcgnueabi-gcc -E'
CPPFLAGS=''
CXX='arm-oe-linux-uclibcgnueabi-g++'
CXXCPP='arm-oe-linux-uclibcgnueabi-g++ -E'
CXXDEPMODE='depmode=gcc3'
CXXFLAGS='-g -O2'
CYGPATH_W='echo'
DEFS='-DHAVE_CONFIG_H'
DEPDIR='.deps'
DLLTOOL='dlltool'
DSYMUTIL=''
ECHO='echo'
ECHO_C=''
ECHO_N='-n'
ECHO_T=''
EGREP='/bin/grep -E'
EXEEXT=''
F77=''
FFLAGS=''
GNU_WIN_FALSE=''
GNU_WIN_TRUE='#'
GREP='/bin/grep'
INSTALL_DATA='${INSTALL} -m 644'
INSTALL_PROGRAM='${INSTALL}'
INSTALL_SCRIPT='${INSTALL}'
INSTALL_STRIP_PROGRAM='$(install_sh) -c -s'
LDFLAGS=''
LEX='${SHELL} /home/terk/terkos/trunk/src/libconfig-1.3.2/missing --run flex'
LEXLIB=''
LEX_OUTPUT_ROOT=''
LIBOBJS=''
LIBS=''
LIBTOOL='$(SHELL) $(top_builddir)/libtool'
LN_S='ln -s'
LTLIBOBJS=''
MAKEINFO='${SHELL} /home/terk/terkos/trunk/src/libconfig-1.3.2/missing --run makeinfo'
MKDIR_P='/bin/mkdir -p'
NMEDIT=''
OBJDUMP='objdump'
OBJEXT='o'
PACKAGE='libconfig'
PACKAGE_BUGREPORT=''
PACKAGE_NAME=''
PACKAGE_STRING=''
PACKAGE_TARNAME=''
PACKAGE_VERSION=''
PATH_SEPARATOR=':'
RANLIB='ranlib'
SED='/bin/sed'
SET_MAKE=''
SHELL='/bin/bash'
STRIP='strip'
VERSION='1.3.2'
YACC='yacc'
YFLAGS=''
ac_ct_CC=''
ac_ct_CXX=''
ac_ct_F77=''
am__fastdepCC_FALSE='#'
am__fastdepCC_TRUE=''
am__fastdepCXX_FALSE='#'
am__fastdepCXX_TRUE=''
am__include='include'
am__isrc=''
am__leading_dot='.'
am__quote=''
am__tar='${AMTAR} chof - "$$tardir"'
am__untar='${AMTAR} xf -'
bindir='${exec_prefix}/bin'
build='i686-pc-linux-gnu'
build_alias=''
build_cpu='i686'
build_os='linux-gnu'
build_vendor='pc'
datadir='${datarootdir}'
datarootdir='${prefix}/share'
docdir='${datarootdir}/doc/${PACKAGE}'
dvidir='${docdir}'
exec_prefix='${prefix}'
host='arm-unknown-linux-gnu'
host_alias='arm-linux'
host_cpu='arm'
host_os='linux-gnu'
host_vendor='unknown'
htmldir='${docdir}'
includedir='${prefix}/include'
infodir='${datarootdir}/info'
install_sh='$(SHELL) /home/terk/terkos/trunk/src/libconfig-1.3.2/install-sh'
libdir='${exec_prefix}/lib'
libexecdir='${exec_prefix}/libexec'
localedir='${datarootdir}/locale'
localstatedir='${prefix}/var'
mandir='${datarootdir}/man'
mkdir_p='/bin/mkdir -p'
oldincludedir='/usr/include'
pdfdir='${docdir}'
prefix='/home/terk/terkos/trunk/src/libconfig-1.3.2/dist'
program_transform_name='s,x,x,'
psdir='${docdir}'
sbindir='${exec_prefix}/sbin'
sharedstatedir='${prefix}/com'
sysconfdir='${prefix}/etc'
target='arm-unknown-linux-gnu'
target_alias=''
target_cpu='arm'
target_os='linux-gnu'
target_vendor='unknown'

## ----------- ##
## confdefs.h. ##
## ----------- ##

#define PACKAGE_NAME ""
#define PACKAGE_TARNAME ""
#define PACKAGE_VERSION ""
#define PACKAGE_STRING ""
#define PACKAGE_BUGREPORT ""
#define PACKAGE "libconfig"
#define VERSION "1.3.2"
#define TARGET "arm-unknown-linux-gnu"
#define _GNU_SOURCE 1
#define STDC_HEADERS 1
#define HAVE_SYS_TYPES_H 1
#define HAVE_SYS_STAT_H 1
#define HAVE_STDLIB_H 1
#define HAVE_STRING_H 1
#define HAVE_MEMORY_H 1
#define HAVE_STRINGS_H 1
#define HAVE_INTTYPES_H 1
#define HAVE_STDINT_H 1
#define HAVE_UNISTD_H 1
#define HAVE_DLFCN_H 1
#define STDC_HEADERS 1
#define HAVE_UNISTD_H 1
#define HAVE_STDINT_H 1

configure: exit 0
